#
# There is insufficient memory for the Java Runtime Environment to continue.
# Native memory allocation (malloc) failed to allocate 32744 bytes for Chunk::new
# Possible reasons:
#   The system is out of physical RAM or swap space
#   The process is running with CompressedOops enabled, and the Java Heap may be blocking the growth of the native heap
# Possible solutions:
#   Reduce memory load on the system
#   Increase physical memory or swap space
#   Check if swap backing store is full
#   Decrease Java heap size (-Xmx/-Xms)
#   Decrease number of Java threads
#   Decrease Java thread stack sizes (-Xss)
#   Set larger code cache with -XX:ReservedCodeCacheSize=
#   JVM is running with Unscaled Compressed Oops mode in which the Java heap is
#     placed in the first 4GB address space. The Java Heap base address is the
#     maximum limit for the native heap growth. Please use -XX:HeapBaseMinAddress
#     to set the Java Heap base and to place the Java Heap above 4GB virtual address.
# This output file may be truncated or incomplete.
#
#  Out of Memory Error (arena.cpp:184), pid=11760, tid=14144
#
# JRE version: OpenJDK Runtime Environment (19.0+36) (build 19+36-2238)
# Java VM: OpenJDK 64-Bit Server VM (19+36-2238, mixed mode, sharing, tiered, compressed oops, compressed class ptrs, g1 gc, windows-amd64)
# No core dump will be written. Minidumps are not enabled by default on client versions of Windows
#

---------------  S U M M A R Y ------------

Command Line: -javaagent:C:\Program Files\JetBrains\IntelliJ IDEA Community Edition 2024.3.5\lib\idea_rt.jar=56712 -Dfile.encoding=UTF-8 -Dsun.stdout.encoding=UTF-8 -Dsun.stderr.encoding=UTF-8 com.notekeeperapi.NotekeeperapiApplication

Host: Intel(R) Core(TM) i5-8265U CPU @ 1.60GHz, 8 cores, 7G,  Windows 11 , 64 bit Build 22000 (10.0.22000.2538)
Time: Thu May 22 21:06:20 2025 India Standard Time elapsed time: 2295.774620 seconds (0d 0h 38m 15s)

---------------  T H R E A D  ---------------

Current thread (0x000002144cd26aa0):  JavaThread "C2 CompilerThread0" daemon [_thread_in_native, id=14144, stack(0x000000debce00000,0x000000debcf00000)]


Current CompileTask:
C2:2295775 6582       4       jdk.internal.loader.URLClassPath::findResource (38 bytes)

Stack: [0x000000debce00000,0x000000debcf00000]
Native frames: (J=compiled Java code, j=interpreted, Vv=VM code, C=native code)
V  [jvm.dll+0x6ee8fa]
V  [jvm.dll+0x857a1e]
V  [jvm.dll+0x85940e]
V  [jvm.dll+0x859ac3]
V  [jvm.dll+0x28291f]
V  [jvm.dll+0xc9b5f]
V  [jvm.dll+0xc9ee5]
V  [jvm.dll+0x6cba4a]
V  [jvm.dll+0x397850]
V  [jvm.dll+0x395012]
V  [jvm.dll+0x39e397]
V  [jvm.dll+0x5d3b61]
V  [jvm.dll+0x70933c]
V  [jvm.dll+0x701356]
V  [jvm.dll+0x7009a1]
V  [jvm.dll+0x6fe883]
V  [jvm.dll+0x1d9eec]
V  [jvm.dll+0x1daa7b]
V  [jvm.dll+0x2f6e9d]
V  [jvm.dll+0x709232]
V  [jvm.dll+0x701356]
V  [jvm.dll+0x7009a1]
V  [jvm.dll+0x6fe883]
V  [jvm.dll+0x1d9eec]
V  [jvm.dll+0x24b223]
V  [jvm.dll+0x1d6d61]
V  [jvm.dll+0x25b0fa]
V  [jvm.dll+0x259588]
V  [jvm.dll+0x807928]
V  [jvm.dll+0x8015fa]
V  [jvm.dll+0x6ed5eb]
C  [ucrtbase.dll+0x26c0c]
C  [KERNEL32.DLL+0x153e0]
C  [ntdll.dll+0x485b]


---------------  P R O C E S S  ---------------

Threads class SMR info:
_java_thread_list=0x00000214511a4930, length=33, elements={
0x000002144cd1a400, 0x000002144cd1d100, 0x000002144cd1ea40, 0x000002144cd21380,
0x000002144cd22010, 0x000002144cd22940, 0x000002144cd26aa0, 0x000002144cd34850,
0x000002144cd355c0, 0x00000214510c0460, 0x000002145115b430, 0x000002145115b970,
0x00000214518ecc30, 0x0000021453f650b0, 0x0000021453d74640, 0x00000214539eb540,
0x00000214539ee510, 0x00000214539edfc0, 0x00000214539eda70, 0x00000214539ebfe0,
0x00000214539ed520, 0x00000214539eea60, 0x00000214539eba90, 0x00000214539ec530,
0x0000021454532f70, 0x00000214545354a0, 0x000002145452f500, 0x0000021454536490,
0x000002145452ffa0, 0x00000214545304f0, 0x00000214545359f0, 0x0000021454530a40,
0x000002145452efb0
}

Java Threads: ( => current thread )
  0x000002144cd1a400 JavaThread "Reference Handler" daemon [_thread_blocked, id=3720, stack(0x000000debc800000,0x000000debc900000)]
  0x000002144cd1d100 JavaThread "Finalizer" daemon [_thread_blocked, id=3184, stack(0x000000debc900000,0x000000debca00000)]
  0x000002144cd1ea40 JavaThread "Signal Dispatcher" daemon [_thread_blocked, id=4764, stack(0x000000debca00000,0x000000debcb00000)]
  0x000002144cd21380 JavaThread "Attach Listener" daemon [_thread_blocked, id=12824, stack(0x000000debcb00000,0x000000debcc00000)]
  0x000002144cd22010 JavaThread "Service Thread" daemon [_thread_blocked, id=9812, stack(0x000000debcc00000,0x000000debcd00000)]
  0x000002144cd22940 JavaThread "Monitor Deflation Thread" daemon [_thread_blocked, id=14344, stack(0x000000debcd00000,0x000000debce00000)]
=>0x000002144cd26aa0 JavaThread "C2 CompilerThread0" daemon [_thread_in_native, id=14144, stack(0x000000debce00000,0x000000debcf00000)]
  0x000002144cd34850 JavaThread "C1 CompilerThread0" daemon [_thread_blocked, id=13784, stack(0x000000debcf00000,0x000000debd000000)]
  0x000002144cd355c0 JavaThread "Sweeper thread" daemon [_thread_blocked, id=17400, stack(0x000000debd000000,0x000000debd100000)]
  0x00000214510c0460 JavaThread "Common-Cleaner" daemon [_thread_blocked, id=8456, stack(0x000000debd100000,0x000000debd200000)]
  0x000002145115b430 JavaThread "Monitor Ctrl-Break" daemon [_thread_in_native, id=6124, stack(0x000000debd300000,0x000000debd400000)]
  0x000002145115b970 JavaThread "Notification Thread" daemon [_thread_blocked, id=13148, stack(0x000000debd400000,0x000000debd500000)]
  0x00000214518ecc30 JavaThread "Catalina-utility-1" [_thread_blocked, id=1372, stack(0x000000debe100000,0x000000debe200000)]
  0x0000021453f650b0 JavaThread "Catalina-utility-2" [_thread_blocked, id=6840, stack(0x000000debe200000,0x000000debe300000)]
  0x0000021453d74640 JavaThread "container-0" [_thread_blocked, id=12116, stack(0x000000debe300000,0x000000debe400000)]
  0x00000214539eb540 JavaThread "mysql-cj-abandoned-connection-cleanup" daemon [_thread_blocked, id=10552, stack(0x000000debe400000,0x000000debe500000)]
  0x00000214539ee510 JavaThread "HikariPool-1 housekeeper" daemon [_thread_blocked, id=4184, stack(0x000000debe600000,0x000000debe700000)]
  0x00000214539edfc0 JavaThread "lettuce-timer-3-1" daemon [_thread_blocked, id=6740, stack(0x000000debe800000,0x000000debe900000)]
  0x00000214539eda70 JavaThread "File Watcher" daemon [_thread_blocked, id=6628, stack(0x000000debe900000,0x000000debea00000)]
  0x00000214539ebfe0 JavaThread "Live Reload Server" daemon [_thread_in_native, id=16240, stack(0x000000debeb00000,0x000000debec00000)]
  0x00000214539ed520 JavaThread "http-nio-8081-exec-1" daemon [_thread_blocked, id=13364, stack(0x000000debea00000,0x000000debeb00000)]
  0x00000214539eea60 JavaThread "http-nio-8081-exec-2" daemon [_thread_blocked, id=8852, stack(0x000000debec00000,0x000000debed00000)]
  0x00000214539eba90 JavaThread "http-nio-8081-exec-3" daemon [_thread_blocked, id=16248, stack(0x000000debed00000,0x000000debee00000)]
  0x00000214539ec530 JavaThread "http-nio-8081-exec-4" daemon [_thread_blocked, id=8504, stack(0x000000debee00000,0x000000debef00000)]
  0x0000021454532f70 JavaThread "http-nio-8081-exec-5" daemon [_thread_blocked, id=15804, stack(0x000000debef00000,0x000000debf000000)]
  0x00000214545354a0 JavaThread "http-nio-8081-exec-6" daemon [_thread_blocked, id=7732, stack(0x000000debf000000,0x000000debf100000)]
  0x000002145452f500 JavaThread "http-nio-8081-exec-7" daemon [_thread_blocked, id=4532, stack(0x000000debf100000,0x000000debf200000)]
  0x0000021454536490 JavaThread "http-nio-8081-exec-8" daemon [_thread_blocked, id=14236, stack(0x000000debf200000,0x000000debf300000)]
  0x000002145452ffa0 JavaThread "http-nio-8081-exec-9" daemon [_thread_blocked, id=10032, stack(0x000000debf300000,0x000000debf400000)]
  0x00000214545304f0 JavaThread "http-nio-8081-exec-10" daemon [_thread_blocked, id=4624, stack(0x000000debf400000,0x000000debf500000)]
  0x00000214545359f0 JavaThread "http-nio-8081-Poller" daemon [_thread_in_native, id=17396, stack(0x000000debf500000,0x000000debf600000)]
  0x0000021454530a40 JavaThread "http-nio-8081-Acceptor" daemon [_thread_in_native, id=10872, stack(0x000000debf600000,0x000000debf700000)]
  0x000002145452efb0 JavaThread "DestroyJavaVM" [_thread_blocked, id=6172, stack(0x000000debc100000,0x000000debc200000)]

Other Threads:
  0x000002144ccfcd60 VMThread "VM Thread" [stack: 0x000000debc700000,0x000000debc800000] [id=5036]
  0x00000214512df740 WatcherThread "VM Periodic Task Thread" [stack: 0x000000debd500000,0x000000debd600000] [id=16196]
  0x000002142e59bba0 WorkerThread "GC Thread#0" [stack: 0x000000debc200000,0x000000debc300000] [id=16372]
  0x00000214518d2840 WorkerThread "GC Thread#1" [stack: 0x000000debd800000,0x000000debd900000] [id=12848]
  0x00000214518d2b10 WorkerThread "GC Thread#2" [stack: 0x000000debd900000,0x000000debda00000] [id=16056]
  0x00000214518d2de0 WorkerThread "GC Thread#3" [stack: 0x000000debda00000,0x000000debdb00000] [id=13792]
  0x0000021451973fb0 WorkerThread "GC Thread#4" [stack: 0x000000debdb00000,0x000000debdc00000] [id=7092]
  0x00000214518e27f0 WorkerThread "GC Thread#5" [stack: 0x000000debdc00000,0x000000debdd00000] [id=13752]
  0x00000214518e1440 WorkerThread "GC Thread#6" [stack: 0x000000debdf00000,0x000000debe000000] [id=16624]
  0x00000214518e19e0 WorkerThread "GC Thread#7" [stack: 0x000000debe000000,0x000000debe100000] [id=10776]
  0x000002142e5ac780 ConcurrentGCThread "G1 Main Marker" [stack: 0x000000debc300000,0x000000debc400000] [id=6276]
  0x000002142e5ad1b0 WorkerThread "G1 Conc#0" [stack: 0x000000debc400000,0x000000debc500000] [id=14624]
  0x00000214518e1710 WorkerThread "G1 Conc#1" [stack: 0x000000debd200000,0x000000debd300000] [id=14536]
  0x000002142e5fe820 ConcurrentGCThread "G1 Refine#0" [stack: 0x000000debc500000,0x000000debc600000] [id=1376]
  0x000002144cbb4550 ConcurrentGCThread "G1 Service" [stack: 0x000000debc600000,0x000000debc700000] [id=9008]

Threads with active compile tasks:
C2 CompilerThread0  2295807 6582       4       jdk.internal.loader.URLClassPath::findResource (38 bytes)

VM state: not at safepoint (normal execution)

VM Mutex/Monitor currently owned by a thread: None

Heap address: 0x0000000081c00000, size: 2020 MB, Compressed Oops mode: 32-bit

CDS archive(s) mapped at: [0x0000000800000000-0x0000000800c40000-0x0000000800c40000), size 12845056, SharedBaseAddress: 0x0000000800000000, ArchiveRelocationMode: 0.
Compressed class space mapped at: 0x0000000801000000-0x0000000841000000, reserved size: 1073741824
Narrow klass base: 0x0000000800000000, Narrow klass shift: 0, Narrow klass range: 0x100000000

GC Precious Log:
 CardTable entry size: 512
 Card Set container configuration: InlinePtr #cards 5 size 8 Array Of Cards #cards 12 size 40 Howl #buckets 4 coarsen threshold 1843 Howl Bitmap #cards 512 size 80 coarsen threshold 460 Card regions per heap region 1 cards per card region 2048
 CPUs: 8 total, 8 available
 Memory: 8079M
 Large Page Support: Disabled
 NUMA Support: Disabled
 Compressed Oops: Enabled (32-bit)
 Heap Region Size: 1M
 Heap Min Capacity: 8M
 Heap Initial Capacity: 128M
 Heap Max Capacity: 2020M
 Pre-touch: Disabled
 Parallel Workers: 8
 Concurrent Workers: 2
 Concurrent Refinement Workers: 8
 Periodic GC: Disabled

Heap:
 garbage-first heap   total 66560K, used 39331K [0x0000000081c00000, 0x0000000100000000)
  region size 1024K, 10 young (10240K), 2 survivors (2048K)
 Metaspace       used 77550K, committed 78208K, reserved 1179648K
  class space    used 10133K, committed 10432K, reserved 1048576K

Heap Regions: E=young(eden), S=young(survivor), O=old, HS=humongous(starts), HC=humongous(continues), CS=collection set, F=free, OA=open archive, CA=closed archive, TAMS=top-at-mark-start (previous, next)
|   0|0x0000000081c00000, 0x0000000081d00000, 0x0000000081d00000|100%|HS|  |TAMS 0x0000000081d00000, 0x0000000081c00000| Complete 
|   1|0x0000000081d00000, 0x0000000081e00000, 0x0000000081e00000|100%|HS|  |TAMS 0x0000000081e00000, 0x0000000081d00000| Complete 
|   2|0x0000000081e00000, 0x0000000081f00000, 0x0000000081f00000|100%| O|  |TAMS 0x0000000081f00000, 0x0000000081e00000| Untracked 
|   3|0x0000000081f00000, 0x0000000082000000, 0x0000000082000000|100%| O|  |TAMS 0x0000000082000000, 0x0000000081f00000| Untracked 
|   4|0x0000000082000000, 0x0000000082100000, 0x0000000082100000|100%| O|  |TAMS 0x0000000082100000, 0x0000000082000000| Untracked 
|   5|0x0000000082100000, 0x0000000082200000, 0x0000000082200000|100%| O|  |TAMS 0x0000000082200000, 0x0000000082100000| Untracked 
|   6|0x0000000082200000, 0x0000000082300000, 0x0000000082300000|100%| O|  |TAMS 0x0000000082300000, 0x0000000082200000| Untracked 
|   7|0x0000000082300000, 0x0000000082400000, 0x0000000082400000|100%| O|  |TAMS 0x0000000082400000, 0x0000000082300000| Untracked 
|   8|0x0000000082400000, 0x0000000082500000, 0x0000000082500000|100%| O|  |TAMS 0x0000000082500000, 0x0000000082400000| Untracked 
|   9|0x0000000082500000, 0x0000000082600000, 0x0000000082600000|100%| O|  |TAMS 0x0000000082600000, 0x0000000082500000| Untracked 
|  10|0x0000000082600000, 0x0000000082700000, 0x0000000082700000|100%| O|  |TAMS 0x0000000082700000, 0x0000000082600000| Untracked 
|  11|0x0000000082700000, 0x0000000082800000, 0x0000000082800000|100%| O|  |TAMS 0x0000000082800000, 0x0000000082700000| Untracked 
|  12|0x0000000082800000, 0x0000000082900000, 0x0000000082900000|100%| O|  |TAMS 0x0000000082900000, 0x0000000082800000| Untracked 
|  13|0x0000000082900000, 0x0000000082a00000, 0x0000000082a00000|100%| O|  |TAMS 0x0000000082a00000, 0x0000000082900000| Untracked 
|  14|0x0000000082a00000, 0x0000000082b00000, 0x0000000082b00000|100%| O|  |TAMS 0x0000000082b00000, 0x0000000082a00000| Untracked 
|  15|0x0000000082b00000, 0x0000000082c00000, 0x0000000082c00000|100%| O|  |TAMS 0x0000000082c00000, 0x0000000082b00000| Untracked 
|  16|0x0000000082c00000, 0x0000000082d00000, 0x0000000082d00000|100%| O|  |TAMS 0x0000000082d00000, 0x0000000082c00000| Untracked 
|  17|0x0000000082d00000, 0x0000000082e00000, 0x0000000082e00000|100%| O|  |TAMS 0x0000000082e00000, 0x0000000082d00000| Untracked 
|  18|0x0000000082e00000, 0x0000000082f00000, 0x0000000082f00000|100%| O|  |TAMS 0x0000000082f00000, 0x0000000082e00000| Untracked 
|  19|0x0000000082f00000, 0x0000000083000000, 0x0000000083000000|100%| O|  |TAMS 0x0000000083000000, 0x0000000082f00000| Untracked 
|  20|0x0000000083000000, 0x0000000083100000, 0x0000000083100000|100%| O|  |TAMS 0x0000000083100000, 0x0000000083000000| Untracked 
|  21|0x0000000083100000, 0x0000000083200000, 0x0000000083200000|100%| O|  |TAMS 0x0000000083200000, 0x0000000083100000| Untracked 
|  22|0x0000000083200000, 0x0000000083300000, 0x0000000083300000|100%| O|  |TAMS 0x0000000083300000, 0x0000000083200000| Untracked 
|  23|0x0000000083300000, 0x0000000083400000, 0x0000000083400000|100%| O|  |TAMS 0x0000000083400000, 0x0000000083300000| Untracked 
|  24|0x0000000083400000, 0x0000000083500000, 0x0000000083500000|100%| O|  |TAMS 0x0000000083500000, 0x0000000083400000| Untracked 
|  25|0x0000000083500000, 0x0000000083600000, 0x0000000083600000|100%| O|  |TAMS 0x0000000083600000, 0x0000000083500000| Complete 
|  26|0x0000000083600000, 0x0000000083700000, 0x0000000083700000|100%| O|  |TAMS 0x0000000083700000, 0x0000000083600000| Untracked 
|  27|0x0000000083700000, 0x0000000083800000, 0x0000000083800000|100%| O|  |TAMS 0x0000000083800000, 0x0000000083700000| Untracked 
|  28|0x0000000083800000, 0x0000000083900000, 0x0000000083900000|100%| O|  |TAMS 0x0000000083900000, 0x0000000083800000| Untracked 
|  29|0x0000000083900000, 0x00000000839c9000, 0x0000000083a00000| 78%| O|  |TAMS 0x00000000839c9000, 0x0000000083900000| Untracked 
|  30|0x0000000083a00000, 0x0000000083a00000, 0x0000000083b00000|  0%| F|  |TAMS 0x0000000083a00000, 0x0000000083a00000| Untracked 
|  31|0x0000000083b00000, 0x0000000083b00000, 0x0000000083c00000|  0%| F|  |TAMS 0x0000000083b00000, 0x0000000083b00000| Untracked 
|  32|0x0000000083c00000, 0x0000000083c00000, 0x0000000083d00000|  0%| F|  |TAMS 0x0000000083c00000, 0x0000000083c00000| Untracked 
|  33|0x0000000083d00000, 0x0000000083d00000, 0x0000000083e00000|  0%| F|  |TAMS 0x0000000083d00000, 0x0000000083d00000| Untracked 
|  34|0x0000000083e00000, 0x0000000083e00000, 0x0000000083f00000|  0%| F|  |TAMS 0x0000000083e00000, 0x0000000083e00000| Untracked 
|  35|0x0000000083f00000, 0x0000000083f00000, 0x0000000084000000|  0%| F|  |TAMS 0x0000000083f00000, 0x0000000083f00000| Untracked 
|  36|0x0000000084000000, 0x0000000084000000, 0x0000000084100000|  0%| F|  |TAMS 0x0000000084000000, 0x0000000084000000| Untracked 
|  37|0x0000000084100000, 0x0000000084100000, 0x0000000084200000|  0%| F|  |TAMS 0x0000000084100000, 0x0000000084100000| Untracked 
|  38|0x0000000084200000, 0x0000000084200000, 0x0000000084300000|  0%| F|  |TAMS 0x0000000084200000, 0x0000000084200000| Untracked 
|  39|0x0000000084300000, 0x0000000084300000, 0x0000000084400000|  0%| F|  |TAMS 0x0000000084300000, 0x0000000084300000| Untracked 
|  40|0x0000000084400000, 0x000000008449ff20, 0x0000000084500000| 62%| S|CS|TAMS 0x0000000084400000, 0x0000000084400000| Complete 
|  41|0x0000000084500000, 0x0000000084500000, 0x0000000084600000|  0%| F|  |TAMS 0x0000000084500000, 0x0000000084500000| Untracked 
|  42|0x0000000084600000, 0x0000000084600000, 0x0000000084700000|  0%| F|  |TAMS 0x0000000084600000, 0x0000000084600000| Untracked 
|  43|0x0000000084700000, 0x0000000084800000, 0x0000000084800000|100%| S|CS|TAMS 0x0000000084700000, 0x0000000084700000| Complete 
|  44|0x0000000084800000, 0x0000000084800000, 0x0000000084900000|  0%| F|  |TAMS 0x0000000084800000, 0x0000000084800000| Untracked 
|  45|0x0000000084900000, 0x0000000084900000, 0x0000000084a00000|  0%| F|  |TAMS 0x0000000084900000, 0x0000000084900000| Untracked 
|  46|0x0000000084a00000, 0x0000000084a00000, 0x0000000084b00000|  0%| F|  |TAMS 0x0000000084a00000, 0x0000000084a00000| Untracked 
|  47|0x0000000084b00000, 0x0000000084b00000, 0x0000000084c00000|  0%| F|  |TAMS 0x0000000084b00000, 0x0000000084b00000| Untracked 
|  48|0x0000000084c00000, 0x0000000084c00000, 0x0000000084d00000|  0%| F|  |TAMS 0x0000000084c00000, 0x0000000084c00000| Untracked 
|  49|0x0000000084d00000, 0x0000000084d00000, 0x0000000084e00000|  0%| F|  |TAMS 0x0000000084d00000, 0x0000000084d00000| Untracked 
|  50|0x0000000084e00000, 0x0000000084e00000, 0x0000000084f00000|  0%| F|  |TAMS 0x0000000084e00000, 0x0000000084e00000| Untracked 
|  51|0x0000000084f00000, 0x0000000084f00000, 0x0000000085000000|  0%| F|  |TAMS 0x0000000084f00000, 0x0000000084f00000| Untracked 
|  52|0x0000000085000000, 0x0000000085000000, 0x0000000085100000|  0%| F|  |TAMS 0x0000000085000000, 0x0000000085000000| Untracked 
|  53|0x0000000085100000, 0x0000000085100000, 0x0000000085200000|  0%| F|  |TAMS 0x0000000085100000, 0x0000000085100000| Untracked 
|  54|0x0000000085200000, 0x0000000085200000, 0x0000000085300000|  0%| F|  |TAMS 0x0000000085200000, 0x0000000085200000| Untracked 
|  55|0x0000000085300000, 0x0000000085300000, 0x0000000085400000|  0%| F|  |TAMS 0x0000000085300000, 0x0000000085300000| Untracked 
|  56|0x0000000085400000, 0x0000000085400000, 0x0000000085500000|  0%| F|  |TAMS 0x0000000085400000, 0x0000000085400000| Untracked 
|  75|0x0000000086700000, 0x0000000086756b38, 0x0000000086800000| 33%| E|  |TAMS 0x0000000086700000, 0x0000000086700000| Complete 
|  76|0x0000000086800000, 0x0000000086900000, 0x0000000086900000|100%| E|CS|TAMS 0x0000000086800000, 0x0000000086800000| Complete 
|  77|0x0000000086900000, 0x0000000086a00000, 0x0000000086a00000|100%| E|CS|TAMS 0x0000000086900000, 0x0000000086900000| Complete 
|  78|0x0000000086a00000, 0x0000000086b00000, 0x0000000086b00000|100%| E|CS|TAMS 0x0000000086a00000, 0x0000000086a00000| Complete 
|  79|0x0000000086b00000, 0x0000000086c00000, 0x0000000086c00000|100%| E|CS|TAMS 0x0000000086b00000, 0x0000000086b00000| Complete 
|  80|0x0000000086c00000, 0x0000000086d00000, 0x0000000086d00000|100%| E|CS|TAMS 0x0000000086c00000, 0x0000000086c00000| Complete 
|  81|0x0000000086d00000, 0x0000000086e00000, 0x0000000086e00000|100%| E|CS|TAMS 0x0000000086d00000, 0x0000000086d00000| Complete 
| 127|0x0000000089b00000, 0x0000000089c00000, 0x0000000089c00000|100%| E|CS|TAMS 0x0000000089b00000, 0x0000000089b00000| Complete 

Card table byte_map: [0x0000021445bd0000,0x0000021445fd0000] _byte_map_base: 0x00000214457c2000

Marking Bits (Prev, Next): (CMBitMap*) 0x000002142e59c1d0, (CMBitMap*) 0x000002142e59c210
 Prev Bits: [0x00000214463d0000, 0x0000021448360000)
 Next Bits: [0x0000021448360000, 0x000002144a2f0000)

Polling page: 0x000002142dd00000

Metaspace:

Usage:
  Non-class:     65.84 MB used.
      Class:      9.90 MB used.
       Both:     75.73 MB used.

Virtual space:
  Non-class space:      128.00 MB reserved,      66.19 MB ( 52%) committed,  2 nodes.
      Class space:        1.00 GB reserved,      10.19 MB ( <1%) committed,  1 nodes.
             Both:        1.12 GB reserved,      76.38 MB (  7%) committed. 

Chunk freelists:
   Non-Class:  1.79 MB
       Class:  1.83 MB
        Both:  3.62 MB

MaxMetaspaceSize: unlimited
CompressedClassSpaceSize: 1.00 GB
Initial GC threshold: 21.00 MB
Current GC threshold: 127.31 MB
CDS: on
MetaspaceReclaimPolicy: balanced
 - commit_granule_bytes: 65536.
 - commit_granule_words: 8192.
 - virtual_space_node_default_size: 8388608.
 - enlarge_chunks_in_place: 1.
 - new_chunks_are_fully_committed: 0.
 - uncommit_free_chunks: 1.
 - use_allocation_guard: 0.


Internal statistics:

num_allocs_failed_limit: 9.
num_arena_births: 926.
num_arena_deaths: 0.
num_vsnodes_births: 3.
num_vsnodes_deaths: 0.
num_space_committed: 1222.
num_space_uncommitted: 0.
num_chunks_returned_to_freelist: 9.
num_chunks_taken_from_freelist: 3564.
num_chunk_merges: 9.
num_chunk_splits: 2675.
num_chunks_enlarged: 2210.
num_inconsistent_stats: 0.

CodeHeap 'non-profiled nmethods': size=120000Kb used=4255Kb max_used=4255Kb free=115744Kb
 bounds [0x000002143df60000, 0x000002143e390000, 0x0000021445490000]
CodeHeap 'profiled nmethods': size=120000Kb used=11405Kb max_used=11405Kb free=108594Kb
 bounds [0x0000021436490000, 0x0000021436fc0000, 0x000002143d9c0000]
CodeHeap 'non-nmethods': size=5760Kb used=1482Kb max_used=1608Kb free=4277Kb
 bounds [0x000002143d9c0000, 0x000002143dc30000, 0x000002143df60000]
 total_blobs=6451 nmethods=5710 adapters=651
 compilation: enabled
              stopped_count=0, restarted_count=0
 full_count=0

Compilation events (20 events):
Event: 1813.023 Thread 0x000002144cd26aa0 nmethod 6572 0x000002143e385790 code [0x000002143e385920, 0x000002143e385e98]
Event: 1865.942 Thread 0x000002144cd34850 6573       3       java.util.TreeMap$KeySet::iterator (32 bytes)
Event: 1865.943 Thread 0x000002144cd34850 nmethod 6573 0x0000021436fad610 code [0x0000021436fad820, 0x0000021436fadfb8]
Event: 1865.943 Thread 0x000002144cd34850 6574       3       java.util.TreeMap::keyIterator (13 bytes)
Event: 1865.944 Thread 0x000002144cd34850 nmethod 6574 0x0000021436fae210 code [0x0000021436fae3e0, 0x0000021436fae898]
Event: 1865.944 Thread 0x000002144cd34850 6575       3       java.util.TreeMap$KeyIterator::<init> (7 bytes)
Event: 1865.944 Thread 0x000002144cd34850 nmethod 6575 0x0000021436faea90 code [0x0000021436faec40, 0x0000021436faeef8]
Event: 1946.002 Thread 0x000002144cd26aa0 6577       4       java.util.TreeMap::put (221 bytes)
Event: 1946.041 Thread 0x000002144cd26aa0 nmethod 6577 0x000002143e386090 code [0x000002143e386280, 0x000002143e3873b0]
Event: 1946.041 Thread 0x000002144cd26aa0 6576       4       java.util.TreeMap::put (8 bytes)
Event: 1946.041 Thread 0x000002144cd26aa0 nmethod 6576 0x000002143e387990 code [0x000002143e387b20, 0x000002143e387bc8]
Event: 1966.009 Thread 0x000002144cd34850 6578       3       java.util.TreeMap::addEntryToEmptyMap (37 bytes)
Event: 1966.011 Thread 0x000002144cd34850 nmethod 6578 0x0000021436faf010 code [0x0000021436faf200, 0x0000021436faf8f8]
Event: 2180.314 Thread 0x000002144cd26aa0 6579       4       java.util.concurrent.locks.LockSupport::setCurrentBlocker (14 bytes)
Event: 2180.316 Thread 0x000002144cd26aa0 nmethod 6579 0x000002143e387c90 code [0x000002143e387e00, 0x000002143e387f38]
Event: 2246.231 Thread 0x000002144cd34850 6580   !   3       org.apache.catalina.core.StandardContext::bind (168 bytes)
Event: 2246.239 Thread 0x000002144cd34850 nmethod 6580 0x0000021436fafb10 code [0x0000021436fafe80, 0x0000021436fb18c8]
Event: 2246.239 Thread 0x000002144cd34850 6581   !   3       org.apache.catalina.core.StandardContext::unbind (92 bytes)
Event: 2246.241 Thread 0x000002144cd34850 nmethod 6581 0x0000021436fb2090 code [0x0000021436fb2360, 0x0000021436fb35d8]
Event: 2295.762 Thread 0x000002144cd26aa0 6582       4       jdk.internal.loader.URLClassPath::findResource (38 bytes)

GC Heap History (20 events):
Event: 6.161 GC heap before
{Heap before GC invocations=10 (full 0):
 garbage-first heap   total 55296K, used 41376K [0x0000000081c00000, 0x0000000100000000)
  region size 1024K, 23 young (23552K), 2 survivors (2048K)
 Metaspace       used 44395K, committed 44928K, reserved 1114112K
  class space    used 5664K, committed 5888K, reserved 1048576K
}
Event: 6.165 GC heap after
{Heap after GC invocations=11 (full 0):
 garbage-first heap   total 55296K, used 22053K [0x0000000081c00000, 0x0000000100000000)
  region size 1024K, 3 young (3072K), 3 survivors (3072K)
 Metaspace       used 44395K, committed 44928K, reserved 1114112K
  class space    used 5664K, committed 5888K, reserved 1048576K
}
Event: 6.227 GC heap before
{Heap before GC invocations=11 (full 0):
 garbage-first heap   total 55296K, used 23077K [0x0000000081c00000, 0x0000000100000000)
  region size 1024K, 4 young (4096K), 3 survivors (3072K)
 Metaspace       used 45329K, committed 45824K, reserved 1114112K
  class space    used 5767K, committed 6016K, reserved 1048576K
}
Event: 6.230 GC heap after
{Heap after GC invocations=12 (full 0):
 garbage-first heap   total 55296K, used 22202K [0x0000000081c00000, 0x0000000100000000)
  region size 1024K, 1 young (1024K), 1 survivors (1024K)
 Metaspace       used 45329K, committed 45824K, reserved 1114112K
  class space    used 5767K, committed 6016K, reserved 1048576K
}
Event: 6.674 GC heap before
{Heap before GC invocations=12 (full 0):
 garbage-first heap   total 55296K, used 40634K [0x0000000081c00000, 0x0000000100000000)
  region size 1024K, 20 young (20480K), 1 survivors (1024K)
 Metaspace       used 50057K, committed 50560K, reserved 1114112K
  class space    used 6367K, committed 6592K, reserved 1048576K
}
Event: 6.676 GC heap after
{Heap after GC invocations=13 (full 0):
 garbage-first heap   total 55296K, used 23025K [0x0000000081c00000, 0x0000000100000000)
  region size 1024K, 2 young (2048K), 2 survivors (2048K)
 Metaspace       used 50057K, committed 50560K, reserved 1114112K
  class space    used 6367K, committed 6592K, reserved 1048576K
}
Event: 7.137 GC heap before
{Heap before GC invocations=13 (full 0):
 garbage-first heap   total 55296K, used 40433K [0x0000000081c00000, 0x0000000100000000)
  region size 1024K, 20 young (20480K), 2 survivors (2048K)
 Metaspace       used 56228K, committed 56768K, reserved 1114112K
  class space    used 7277K, committed 7552K, reserved 1048576K
}
Event: 7.141 GC heap after
{Heap after GC invocations=14 (full 0):
 garbage-first heap   total 55296K, used 24016K [0x0000000081c00000, 0x0000000100000000)
  region size 1024K, 3 young (3072K), 3 survivors (3072K)
 Metaspace       used 56228K, committed 56768K, reserved 1114112K
  class space    used 7277K, committed 7552K, reserved 1048576K
}
Event: 7.393 GC heap before
{Heap before GC invocations=14 (full 0):
 garbage-first heap   total 55296K, used 35280K [0x0000000081c00000, 0x0000000100000000)
  region size 1024K, 16 young (16384K), 3 survivors (3072K)
 Metaspace       used 59927K, committed 60480K, reserved 1114112K
  class space    used 7841K, committed 8128K, reserved 1048576K
}
Event: 7.396 GC heap after
{Heap after GC invocations=15 (full 0):
 garbage-first heap   total 55296K, used 24689K [0x0000000081c00000, 0x0000000100000000)
  region size 1024K, 2 young (2048K), 2 survivors (2048K)
 Metaspace       used 59927K, committed 60480K, reserved 1114112K
  class space    used 7841K, committed 8128K, reserved 1048576K
}
Event: 7.763 GC heap before
{Heap before GC invocations=16 (full 0):
 garbage-first heap   total 55296K, used 43121K [0x0000000081c00000, 0x0000000100000000)
  region size 1024K, 20 young (20480K), 2 survivors (2048K)
 Metaspace       used 62999K, committed 63552K, reserved 1114112K
  class space    used 8263K, committed 8512K, reserved 1048576K
}
Event: 7.766 GC heap after
{Heap after GC invocations=17 (full 0):
 garbage-first heap   total 55296K, used 26242K [0x0000000081c00000, 0x0000000100000000)
  region size 1024K, 3 young (3072K), 3 survivors (3072K)
 Metaspace       used 62999K, committed 63552K, reserved 1114112K
  class space    used 8263K, committed 8512K, reserved 1048576K
}
Event: 8.361 GC heap before
{Heap before GC invocations=17 (full 0):
 garbage-first heap   total 55296K, used 43650K [0x0000000081c00000, 0x0000000100000000)
  region size 1024K, 20 young (20480K), 3 survivors (3072K)
 Metaspace       used 65776K, committed 66368K, reserved 1114112K
  class space    used 8636K, committed 8896K, reserved 1048576K
}
Event: 8.369 GC heap after
{Heap after GC invocations=18 (full 0):
 garbage-first heap   total 66560K, used 28261K [0x0000000081c00000, 0x0000000100000000)
  region size 1024K, 2 young (2048K), 2 survivors (2048K)
 Metaspace       used 65776K, committed 66368K, reserved 1114112K
  class space    used 8636K, committed 8896K, reserved 1048576K
}
Event: 9.341 GC heap before
{Heap before GC invocations=18 (full 0):
 garbage-first heap   total 66560K, used 52837K [0x0000000081c00000, 0x0000000100000000)
  region size 1024K, 26 young (26624K), 2 survivors (2048K)
 Metaspace       used 70907K, committed 71552K, reserved 1114112K
  class space    used 9290K, committed 9600K, reserved 1048576K
}
Event: 9.348 GC heap after
{Heap after GC invocations=19 (full 0):
 garbage-first heap   total 66560K, used 30586K [0x0000000081c00000, 0x0000000100000000)
  region size 1024K, 4 young (4096K), 4 survivors (4096K)
 Metaspace       used 70907K, committed 71552K, reserved 1114112K
  class space    used 9290K, committed 9600K, reserved 1048576K
}
Event: 720.771 GC heap before
{Heap before GC invocations=19 (full 0):
 garbage-first heap   total 66560K, used 52090K [0x0000000081c00000, 0x0000000100000000)
  region size 1024K, 26 young (26624K), 4 survivors (4096K)
 Metaspace       used 75596K, committed 76224K, reserved 1179648K
  class space    used 9899K, committed 10176K, reserved 1048576K
}
Event: 720.814 GC heap after
{Heap after GC invocations=20 (full 0):
 garbage-first heap   total 66560K, used 31609K [0x0000000081c00000, 0x0000000100000000)
  region size 1024K, 2 young (2048K), 2 survivors (2048K)
 Metaspace       used 75596K, committed 76224K, reserved 1179648K
  class space    used 9899K, committed 10176K, reserved 1048576K
}
Event: 1784.906 GC heap before
{Heap before GC invocations=20 (full 0):
 garbage-first heap   total 66560K, used 52089K [0x0000000081c00000, 0x0000000100000000)
  region size 1024K, 23 young (23552K), 2 survivors (2048K)
 Metaspace       used 77519K, committed 78208K, reserved 1179648K
  class space    used 10133K, committed 10432K, reserved 1048576K
}
Event: 1784.915 GC heap after
{Heap after GC invocations=21 (full 0):
 garbage-first heap   total 66560K, used 32163K [0x0000000081c00000, 0x0000000100000000)
  region size 1024K, 2 young (2048K), 2 survivors (2048K)
 Metaspace       used 77519K, committed 78208K, reserved 1179648K
  class space    used 10133K, committed 10432K, reserved 1048576K
}

Dll operation events (13 events):
Event: 0.011 Loaded shared library C:\Users\Shivam\.jdks\openjdk-19\bin\java.dll
Event: 0.022 Loaded shared library C:\Users\Shivam\.jdks\openjdk-19\bin\jsvml.dll
Event: 0.151 Loaded shared library C:\Users\Shivam\.jdks\openjdk-19\bin\zip.dll
Event: 0.153 Loaded shared library C:\Users\Shivam\.jdks\openjdk-19\bin\instrument.dll
Event: 0.158 Loaded shared library C:\Users\Shivam\.jdks\openjdk-19\bin\net.dll
Event: 0.160 Loaded shared library C:\Users\Shivam\.jdks\openjdk-19\bin\nio.dll
Event: 0.164 Loaded shared library C:\Users\Shivam\.jdks\openjdk-19\bin\zip.dll
Event: 0.247 Loaded shared library C:\Users\Shivam\.jdks\openjdk-19\bin\extnet.dll
Event: 0.291 Loaded shared library C:\Users\Shivam\.jdks\openjdk-19\bin\jimage.dll
Event: 0.591 Loaded shared library C:\Users\Shivam\.jdks\openjdk-19\bin\management.dll
Event: 0.595 Loaded shared library C:\Users\Shivam\.jdks\openjdk-19\bin\management_ext.dll
Event: 1.831 Loaded shared library C:\Users\Shivam\.jdks\openjdk-19\bin\sunmscapi.dll
Event: 5.597 Loaded shared library C:\Users\Shivam\.jdks\openjdk-19\bin\verify.dll

Deoptimization events (20 events):
Event: 668.707 Thread 0x00000214539ed520 DEOPT PACKING pc=0x000002143e0ee694 sp=0x000000debeafd650
Event: 668.707 Thread 0x00000214539ed520 DEOPT UNPACKING pc=0x000002143da26da3 sp=0x000000debeafd500 mode 2
Event: 669.122 Thread 0x00000214539ed520 Uncommon trap: trap_request=0xffffff45 fr.pc=0x000002143e2910bc relative=0x000000000000039c
Event: 669.122 Thread 0x00000214539ed520 Uncommon trap: reason=unstable_if action=reinterpret pc=0x000002143e2910bc method=java.util.Arrays$ArrayList.indexOf(Ljava/lang/Object;)I @ 6 c2
Event: 669.122 Thread 0x00000214539ed520 DEOPT PACKING pc=0x000002143e2910bc sp=0x000000debeafcd20
Event: 669.122 Thread 0x00000214539ed520 DEOPT UNPACKING pc=0x000002143da26da3 sp=0x000000debeafccb0 mode 2
Event: 722.717 Thread 0x00000214539eba90 Uncommon trap: trap_request=0xffffff45 fr.pc=0x000002143e03f440 relative=0x0000000000000200
Event: 722.717 Thread 0x00000214539eba90 Uncommon trap: reason=unstable_if action=reinterpret pc=0x000002143e03f440 method=java.util.HashMap.getNode(Ljava/lang/Object;)Ljava/util/HashMap$Node; @ 66 c2
Event: 722.717 Thread 0x00000214539eba90 DEOPT PACKING pc=0x000002143e03f440 sp=0x000000debedfd160
Event: 722.717 Thread 0x00000214539eba90 DEOPT UNPACKING pc=0x000002143da26da3 sp=0x000000debedfd068 mode 2
Event: 744.835 Thread 0x00000214539ec530 Uncommon trap: trap_request=0xffffff45 fr.pc=0x000002143e034ccc relative=0x000000000000020c
Event: 744.835 Thread 0x00000214539ec530 Uncommon trap: reason=unstable_if action=reinterpret pc=0x000002143e034ccc method=java.util.HashMap.getNode(Ljava/lang/Object;)Ljava/util/HashMap$Node; @ 66 c2
Event: 744.835 Thread 0x00000214539ec530 DEOPT PACKING pc=0x000002143e034ccc sp=0x000000debeefd100
Event: 744.835 Thread 0x00000214539ec530 DEOPT UNPACKING pc=0x000002143da26da3 sp=0x000000debeefd080 mode 2
Event: 1762.831 Thread 0x0000021454530f90 DEOPT PACKING pc=0x0000021436e5b0c2 sp=0x000000debbffd7d0
Event: 1762.831 Thread 0x0000021454530f90 DEOPT UNPACKING pc=0x000002143da27543 sp=0x000000debbffcc90 mode 0
Event: 1771.965 Thread 0x0000021454534f50 DEOPT PACKING pc=0x0000021436dff61e sp=0x000000debbffd7f0
Event: 1771.966 Thread 0x0000021454534f50 DEOPT UNPACKING pc=0x000002143da27543 sp=0x000000debbffcc48 mode 0
Event: 1782.749 Thread 0x0000021454531f80 DEOPT PACKING pc=0x0000021436f3e1ab sp=0x000000debbffe1b0
Event: 1782.750 Thread 0x0000021454531f80 DEOPT UNPACKING pc=0x000002143da27543 sp=0x000000debbffd648 mode 0

Classes loaded (20 events):
Event: 767.694 Loading class java/io/PushbackInputStream
Event: 767.695 Loading class java/io/PushbackInputStream done
Event: 767.703 Loading class org/w3c/dom/Node
Event: 767.703 Loading class org/w3c/dom/Node done
Event: 767.703 Loading class org/w3c/dom/Document
Event: 767.704 Loading class org/w3c/dom/Document done
Event: 767.876 Loading class jdk/internal/reflect/MethodHandleBooleanFieldAccessorImpl
Event: 767.877 Loading class jdk/internal/reflect/MethodHandleBooleanFieldAccessorImpl done
Event: 767.985 Loading class java/util/stream/LongStream
Event: 767.986 Loading class java/util/stream/LongStream done
Event: 767.986 Loading class java/util/stream/DoubleStream
Event: 767.986 Loading class java/util/stream/DoubleStream done
Event: 1762.771 Loading class sun/security/ssl/Alert
Event: 1762.781 Loading class sun/security/ssl/Alert done
Event: 1762.782 Loading class sun/security/ssl/Alert$AlertConsumer
Event: 1762.783 Loading class sun/security/ssl/Alert$AlertConsumer done
Event: 1762.783 Loading class sun/security/ssl/Alert$Level
Event: 1762.783 Loading class sun/security/ssl/Alert$Level done
Event: 1762.784 Loading class sun/net/ConnectionResetException
Event: 1762.785 Loading class sun/net/ConnectionResetException done

Classes unloaded (0 events):
No events

Classes redefined (0 events):
No events

Internal exceptions (20 events):
Event: 8.641 Thread 0x0000021451894270 Exception <a 'java/lang/NoSuchMethodError'{0x000000008697df00}: 'java.lang.Object java.lang.invoke.DirectMethodHandle$Holder.invokeStaticInit(java.lang.Object, long)'> (0x000000008697df00) 
thrown [s\open\src\hotspot\share\interpreter\linkResolver.cpp, line 774]
Event: 8.799 Thread 0x0000021451894270 Exception <a 'java/lang/IncompatibleClassChangeError'{0x000000008521d558}: Found class java.lang.Object, but interface was expected> (0x000000008521d558) 
thrown [s\open\src\hotspot\share\interpreter\linkResolver.cpp, line 841]
Event: 8.912 Thread 0x0000021451894270 Exception <a 'java/lang/IncompatibleClassChangeError'{0x0000000084f3a240}: Found class java.lang.Object, but interface was expected> (0x0000000084f3a240) 
thrown [s\open\src\hotspot\share\interpreter\linkResolver.cpp, line 841]
Event: 8.930 Thread 0x0000021451894270 Implicit null exception at 0x000002143e0a9ab4 to 0x000002143e0a9b2c
Event: 9.106 Thread 0x0000021451894270 Exception <a 'java/lang/NoSuchMethodError'{0x0000000084a46258}: 'java.lang.Object java.lang.invoke.Invokers$Holder.invoke_MT(java.lang.Object, java.lang.Object, java.lang.Object, java.lang.Object, java.lang.Object, java.lang.Object, java.lang.Object, java.lang.Object, java.lang.Object, java.lang.Object, java.lang.Object)'> (0x0000000084a46258) 
thrown [s\open\src\hotspot\share\interpreter\linkResolver.cpp, line 774]
Event: 9.269 Thread 0x0000021451894270 Exception <a 'java/lang/NoSuchMethodError'{0x00000000847b2b30}: 'java.lang.Object java.lang.invoke.DirectMethodHandle$Holder.newInvokeSpecial(java.lang.Object, java.lang.Object, int, java.lang.Object, java.lang.Object)'> (0x00000000847b2b30) 
thrown [s\open\src\hotspot\share\interpreter\linkResolver.cpp, line 774]
Event: 668.298 Thread 0x0000021454530a40 Exception <a 'java/lang/NoSuchMethodError'{0x000000008545e410}: 'java.lang.Object java.lang.invoke.DirectMethodHandle$Holder.invokeStatic(java.lang.Object, java.lang.Object, java.lang.Object, int, int)'> (0x000000008545e410) 
thrown [s\open\src\hotspot\share\interpreter\linkResolver.cpp, line 774]
Event: 668.304 Thread 0x0000021454530a40 Exception <a 'java/lang/NoSuchMethodError'{0x0000000085461e08}: 'java.lang.Object java.lang.invoke.DirectMethodHandle$Holder.invokeStaticInit(java.lang.Object, java.lang.Object, java.lang.Object, int, int)'> (0x0000000085461e08) 
thrown [s\open\src\hotspot\share\interpreter\linkResolver.cpp, line 774]
Event: 668.420 Thread 0x00000214539ed520 Exception <a 'java/lang/NoSuchMethodError'{0x00000000853ce748}: 'java.lang.Object java.lang.invoke.DirectMethodHandle$Holder.invokeSpecial(java.lang.Object, java.lang.Object, java.lang.Object, java.lang.Object, java.lang.Object, long)'> (0x00000000853ce748) 
thrown [s\open\src\hotspot\share\interpreter\linkResolver.cpp, line 774]
Event: 668.420 Thread 0x00000214539ed520 Exception <a 'java/lang/NoSuchMethodError'{0x00000000853d2150}: 'java.lang.Object java.lang.invoke.Invokers$Holder.linkToTargetMethod(java.lang.Object, java.lang.Object, java.lang.Object, long, java.lang.Object)'> (0x00000000853d2150) 
thrown [s\open\src\hotspot\share\interpreter\linkResolver.cpp, line 774]
Event: 668.935 Thread 0x00000214539ed520 Exception <a 'java/lang/NoSuchMethodError'{0x0000000084c55560}: 'java.lang.Object java.lang.invoke.DirectMethodHandle$Holder.invokeInterface(java.lang.Object, java.lang.Object, java.lang.Object, java.lang.Object)'> (0x0000000084c55560) 
thrown [s\open\src\hotspot\share\interpreter\linkResolver.cpp, line 774]
Event: 668.955 Thread 0x00000214539ed520 Exception <a 'java/lang/IncompatibleClassChangeError'{0x0000000084cd5ac8}: Found class java.lang.Object, but interface was expected> (0x0000000084cd5ac8) 
thrown [s\open\src\hotspot\share\interpreter\linkResolver.cpp, line 841]
Event: 669.122 Thread 0x00000214539ed520 Implicit null exception at 0x000002143e290d53 to 0x000002143e2910a4
Event: 767.859 Thread 0x00000214545354a0 Exception <a 'java/lang/NoSuchMethodError'{0x0000000086aca060}: 'void java.lang.invoke.DirectMethodHandle$Holder.invokeSpecialIFC(java.lang.Object, java.lang.Object, int, java.lang.Object, java.lang.Object, java.lang.Object, java.lang.Object)'> (0x0000000086aca060) 
thrown [s\open\src\hotspot\share\interpreter\linkResolver.cpp, line 774]
Event: 767.877 Thread 0x00000214545354a0 Exception <a 'java/lang/NoSuchMethodError'{0x0000000086909d80}: 'int java.lang.invoke.Invokers$Holder.invokeExact_MT(java.lang.Object, java.lang.Object, java.lang.Object)'> (0x0000000086909d80) 
thrown [s\open\src\hotspot\share\interpreter\linkResolver.cpp, line 774]
Event: 767.882 Thread 0x00000214545354a0 Exception <a 'java/lang/NoSuchMethodError'{0x0000000086917a20}: 'void java.lang.invoke.Invokers$Holder.invokeExact_MT(java.lang.Object, java.lang.Object, int, java.lang.Object)'> (0x0000000086917a20) 
thrown [s\open\src\hotspot\share\interpreter\linkResolver.cpp, line 774]
Event: 767.936 Thread 0x00000214545354a0 Exception <a 'java/lang/NoSuchMethodError'{0x0000000086827250}: 'int java.lang.invoke.DirectMethodHandle$Holder.invokeStatic(java.lang.Object, java.lang.Object, int, int)'> (0x0000000086827250) 
thrown [s\open\src\hotspot\share\interpreter\linkResolver.cpp, line 774]
Event: 855.245 Thread 0x000002145452ffa0 Exception <a 'java/lang/IncompatibleClassChangeError'{0x0000000085400ee8}: Found class java.lang.Object, but interface was expected> (0x0000000085400ee8) 
thrown [s\open\src\hotspot\share\interpreter\linkResolver.cpp, line 841]
Event: 1762.784 Thread 0x0000021454531f80 Exception <a 'java/io/IOException'{0x0000000084be6b58}> (0x0000000084be6b58) 
thrown [s\open\src\hotspot\share\prims\jni.cpp, line 517]
Event: 1762.784 Thread 0x0000021454531f80 Exception <a 'java/io/IOException'{0x0000000084be76b0}> (0x0000000084be76b0) 
thrown [s\open\src\hotspot\share\prims\jni.cpp, line 517]

VM Operations (20 events):
Event: 1776.951 Executing VM operation: Cleanup
Event: 1776.951 Executing VM operation: Cleanup done
Event: 1777.966 Executing VM operation: Cleanup
Event: 1777.966 Executing VM operation: Cleanup done
Event: 1783.016 Executing VM operation: Cleanup
Event: 1783.016 Executing VM operation: Cleanup done
Event: 1784.906 Executing VM operation: G1CollectForAllocation
Event: 1784.915 Executing VM operation: G1CollectForAllocation done
Event: 1784.984 Executing VM operation: G1PauseRemark
Event: 1784.994 Executing VM operation: G1PauseRemark done
Event: 1785.012 Executing VM operation: G1PauseCleanup
Event: 1785.012 Executing VM operation: G1PauseCleanup done
Event: 1797.101 Executing VM operation: Cleanup
Event: 1797.101 Executing VM operation: Cleanup done
Event: 1801.133 Executing VM operation: Cleanup
Event: 1801.134 Executing VM operation: Cleanup done
Event: 1876.725 Executing VM operation: Cleanup
Event: 1876.726 Executing VM operation: Cleanup done
Event: 1956.285 Executing VM operation: Cleanup
Event: 1956.285 Executing VM operation: Cleanup done

Events (20 events):
Event: 10.243 Thread 0x000002145453fa80 Thread exited: 0x000002145453fa80
Event: 11.945 Thread 0x00000214539ecfd0 Thread exited: 0x00000214539ecfd0
Event: 13.934 Thread 0x0000021451d17980 Thread exited: 0x0000021451d17980
Event: 767.768 Thread 0x000002144cd355c0 flushing nmethod 0x0000021436d26010
Event: 1762.762 Thread 0x0000021454531f80 Thread added: 0x0000021454531f80
Event: 1762.787 Thread 0x0000021454530f90 Thread added: 0x0000021454530f90
Event: 1767.793 Thread 0x0000021454531f80 Thread exited: 0x0000021454531f80
Event: 1767.871 Thread 0x0000021454530f90 Thread exited: 0x0000021454530f90
Event: 1771.946 Thread 0x000002145452fa50 Thread added: 0x000002145452fa50
Event: 1771.951 Thread 0x0000021454534f50 Thread added: 0x0000021454534f50
Event: 1782.383 Thread 0x000002145452fa50 Thread exited: 0x000002145452fa50
Event: 1782.473 Thread 0x0000021454534f50 Thread exited: 0x0000021454534f50
Event: 1782.737 Thread 0x000002145452fa50 Thread added: 0x000002145452fa50
Event: 1782.741 Thread 0x0000021454531f80 Thread added: 0x0000021454531f80
Event: 1789.898 Thread 0x000002145452fa50 Thread exited: 0x000002145452fa50
Event: 1789.974 Thread 0x0000021454531f80 Thread exited: 0x0000021454531f80
Event: 1792.626 Thread 0x0000021454533a10 Thread added: 0x0000021454533a10
Event: 1792.631 Thread 0x00000214545334c0 Thread added: 0x00000214545334c0
Event: 1805.724 Thread 0x0000021454533a10 Thread exited: 0x0000021454533a10
Event: 1805.803 Thread 0x00000214545334c0 Thread exited: 0x00000214545334c0


Dynamic libraries:
0x00007ff6ad3b0000 - 0x00007ff6ad3be000 	C:\Users\Shivam\.jdks\openjdk-19\bin\java.exe
0x00007ffeb84c0000 - 0x00007ffeb86c9000 	C:\WINDOWS\SYSTEM32\ntdll.dll
0x00007ffeb7150000 - 0x00007ffeb720d000 	C:\WINDOWS\System32\KERNEL32.DLL
0x00007ffeb5b60000 - 0x00007ffeb5ee4000 	C:\WINDOWS\System32\KERNELBASE.dll
0x00007ffeb5980000 - 0x00007ffeb5a91000 	C:\WINDOWS\System32\ucrtbase.dll
0x00007ffe9e3d0000 - 0x00007ffe9e3e7000 	C:\Users\Shivam\.jdks\openjdk-19\bin\jli.dll
0x00007ffeb7d70000 - 0x00007ffeb7f1d000 	C:\WINDOWS\System32\USER32.dll
0x00007ffeb5950000 - 0x00007ffeb5976000 	C:\WINDOWS\System32\win32u.dll
0x00007ffeb7b30000 - 0x00007ffeb7b5a000 	C:\WINDOWS\System32\GDI32.dll
0x00007ffeb6150000 - 0x00007ffeb626e000 	C:\WINDOWS\System32\gdi32full.dll
0x00007ffeb6270000 - 0x00007ffeb630d000 	C:\WINDOWS\System32\msvcp_win.dll
0x00007ffe9e3f0000 - 0x00007ffe9e40b000 	C:\Users\Shivam\.jdks\openjdk-19\bin\VCRUNTIME140.dll
0x00007ffe9a860000 - 0x00007ffe9ab05000 	C:\WINDOWS\WinSxS\amd64_microsoft.windows.common-controls_6595b64144ccf1df_6.0.22000.120_none_9d947278b86cc467\COMCTL32.dll
0x00007ffeb75f0000 - 0x00007ffeb7693000 	C:\WINDOWS\System32\msvcrt.dll
0x00007ffeb7710000 - 0x00007ffeb7741000 	C:\WINDOWS\System32\IMM32.DLL
0x00007ffeb36f0000 - 0x00007ffeb36fc000 	C:\Users\Shivam\.jdks\openjdk-19\bin\vcruntime140_1.dll
0x00007ffe86ab0000 - 0x00007ffe86b3e000 	C:\Users\Shivam\.jdks\openjdk-19\bin\msvcp140.dll
0x00007ffe6dd50000 - 0x00007ffe6ea10000 	C:\Users\Shivam\.jdks\openjdk-19\bin\server\jvm.dll
0x00007ffeb7400000 - 0x00007ffeb74ae000 	C:\WINDOWS\System32\ADVAPI32.dll
0x00007ffeb7300000 - 0x00007ffeb739e000 	C:\WINDOWS\System32\sechost.dll
0x00007ffeb74b0000 - 0x00007ffeb75d1000 	C:\WINDOWS\System32\RPCRT4.dll
0x00007ffe90580000 - 0x00007ffe90589000 	C:\WINDOWS\SYSTEM32\WSOCK32.dll
0x00007ffeafca0000 - 0x00007ffeafcd3000 	C:\WINDOWS\SYSTEM32\WINMM.dll
0x00007ffeb3610000 - 0x00007ffeb361a000 	C:\WINDOWS\SYSTEM32\VERSION.dll
0x00007ffeb6690000 - 0x00007ffeb66ff000 	C:\WINDOWS\System32\WS2_32.dll
0x00007ffeb4980000 - 0x00007ffeb4998000 	C:\WINDOWS\SYSTEM32\kernel.appcore.dll
0x00007ffeb3620000 - 0x00007ffeb362a000 	C:\Users\Shivam\.jdks\openjdk-19\bin\jimage.dll
0x00007ffeb0f90000 - 0x00007ffeb11b1000 	C:\WINDOWS\SYSTEM32\DBGHELP.DLL
0x00007ffe907a0000 - 0x00007ffe907d1000 	C:\WINDOWS\SYSTEM32\dbgcore.DLL
0x00007ffeb5ef0000 - 0x00007ffeb5f6f000 	C:\WINDOWS\System32\bcryptPrimitives.dll
0x00007ffeb3700000 - 0x00007ffeb370e000 	C:\Users\Shivam\.jdks\openjdk-19\bin\instrument.dll
0x00007ffe9cbc0000 - 0x00007ffe9cbe6000 	C:\Users\Shivam\.jdks\openjdk-19\bin\java.dll
0x00007ffe79cd0000 - 0x00007ffe79da7000 	C:\Users\Shivam\.jdks\openjdk-19\bin\jsvml.dll
0x00007ffeb67e0000 - 0x00007ffeb6fa5000 	C:\WINDOWS\System32\SHELL32.dll
0x00007ffeb39e0000 - 0x00007ffeb4242000 	C:\WINDOWS\SYSTEM32\windows.storage.dll
0x00007ffeb6310000 - 0x00007ffeb6686000 	C:\WINDOWS\System32\combase.dll
0x00007ffeb3870000 - 0x00007ffeb39d7000 	C:\WINDOWS\SYSTEM32\wintypes.dll
0x00007ffeb7040000 - 0x00007ffeb712a000 	C:\WINDOWS\System32\SHCORE.dll
0x00007ffeb6700000 - 0x00007ffeb675d000 	C:\WINDOWS\System32\shlwapi.dll
0x00007ffeb5880000 - 0x00007ffeb58a5000 	C:\WINDOWS\SYSTEM32\profapi.dll
0x00007ffe9cb80000 - 0x00007ffe9cb98000 	C:\Users\Shivam\.jdks\openjdk-19\bin\zip.dll
0x00007ffe9e3b0000 - 0x00007ffe9e3c3000 	C:\Users\Shivam\.jdks\openjdk-19\bin\net.dll
0x00007ffeb0050000 - 0x00007ffeb0164000 	C:\WINDOWS\SYSTEM32\WINHTTP.dll
0x00007ffeb4e20000 - 0x00007ffeb4e87000 	C:\WINDOWS\system32\mswsock.dll
0x00007ffe9cba0000 - 0x00007ffe9cbb6000 	C:\Users\Shivam\.jdks\openjdk-19\bin\nio.dll
0x00007ffeb1c10000 - 0x00007ffeb1c18000 	C:\Users\Shivam\.jdks\openjdk-19\bin\extnet.dll
0x00007ffeb36a0000 - 0x00007ffeb36aa000 	C:\Users\Shivam\.jdks\openjdk-19\bin\management.dll
0x00007ffeb2a30000 - 0x00007ffeb2a3b000 	C:\Users\Shivam\.jdks\openjdk-19\bin\management_ext.dll
0x00007ffeb75e0000 - 0x00007ffeb75e8000 	C:\WINDOWS\System32\PSAPI.DLL
0x00007ffeb0680000 - 0x00007ffeb068e000 	C:\Users\Shivam\.jdks\openjdk-19\bin\sunmscapi.dll
0x00007ffeb5f70000 - 0x00007ffeb60d2000 	C:\WINDOWS\System32\CRYPT32.dll
0x00007ffeb5130000 - 0x00007ffeb5158000 	C:\WINDOWS\SYSTEM32\ncrypt.dll
0x00007ffeb50f0000 - 0x00007ffeb5127000 	C:\WINDOWS\SYSTEM32\NTASN1.dll
0x00007ffeb5160000 - 0x00007ffeb5178000 	C:\WINDOWS\SYSTEM32\CRYPTSP.dll
0x00007ffeb48e0000 - 0x00007ffeb4915000 	C:\WINDOWS\system32\rsaenh.dll
0x00007ffeb4ec0000 - 0x00007ffeb4eec000 	C:\WINDOWS\SYSTEM32\USERENV.dll
0x00007ffeb51d0000 - 0x00007ffeb51f7000 	C:\WINDOWS\SYSTEM32\bcrypt.dll
0x00007ffeb5010000 - 0x00007ffeb501c000 	C:\WINDOWS\SYSTEM32\CRYPTBASE.dll
0x00007ffeb44a0000 - 0x00007ffeb44cd000 	C:\WINDOWS\SYSTEM32\IPHLPAPI.DLL
0x00007ffeb7b10000 - 0x00007ffeb7b19000 	C:\WINDOWS\System32\NSI.dll
0x00007ffeafc80000 - 0x00007ffeafc99000 	C:\WINDOWS\SYSTEM32\dhcpcsvc6.DLL
0x00007ffeb03b0000 - 0x00007ffeb03ce000 	C:\WINDOWS\SYSTEM32\dhcpcsvc.DLL
0x00007ffeb4510000 - 0x00007ffeb45f7000 	C:\WINDOWS\SYSTEM32\DNSAPI.dll
0x00007ffeb0760000 - 0x00007ffeb0770000 	C:\Users\Shivam\.jdks\openjdk-19\bin\verify.dll
0x00007ffe95dd0000 - 0x00007ffe95dda000 	C:\Windows\System32\rasadhlp.dll
0x00007ffead170000 - 0x00007ffead1f1000 	C:\WINDOWS\System32\fwpuclnt.dll
0x00007ffe90a90000 - 0x00007ffe90a98000 	C:\WINDOWS\system32\wshunix.dll

dbghelp: loaded successfully - version: 4.0.5 - missing functions: none
symbol engine: initialized successfully - sym options: 0x614 - pdb path: .;C:\Users\Shivam\.jdks\openjdk-19\bin;C:\WINDOWS\SYSTEM32;C:\WINDOWS\WinSxS\amd64_microsoft.windows.common-controls_6595b64144ccf1df_6.0.22000.120_none_9d947278b86cc467;C:\Users\Shivam\.jdks\openjdk-19\bin\server

VM Arguments:
jvm_args: -javaagent:C:\Program Files\JetBrains\IntelliJ IDEA Community Edition 2024.3.5\lib\idea_rt.jar=56712 -Dfile.encoding=UTF-8 -Dsun.stdout.encoding=UTF-8 -Dsun.stderr.encoding=UTF-8 
java_command: com.notekeeperapi.NotekeeperapiApplication
java_class_path (initial): C:\Users\Shivam\Downloads\notekeeperapi\notekeeperapi\target\classes;C:\Users\Shivam\.m2\repository\org\springframework\boot\spring-boot-starter-data-jpa\3.4.6\spring-boot-starter-data-jpa-3.4.6.jar;C:\Users\Shivam\.m2\repository\org\springframework\boot\spring-boot-starter\3.4.6\spring-boot-starter-3.4.6.jar;C:\Users\Shivam\.m2\repository\org\springframework\boot\spring-boot-starter-logging\3.4.6\spring-boot-starter-logging-3.4.6.jar;C:\Users\Shivam\.m2\repository\ch\qos\logback\logback-classic\1.5.18\logback-classic-1.5.18.jar;C:\Users\Shivam\.m2\repository\ch\qos\logback\logback-core\1.5.18\logback-core-1.5.18.jar;C:\Users\Shivam\.m2\repository\org\apache\logging\log4j\log4j-to-slf4j\2.24.3\log4j-to-slf4j-2.24.3.jar;C:\Users\Shivam\.m2\repository\org\apache\logging\log4j\log4j-api\2.24.3\log4j-api-2.24.3.jar;C:\Users\Shivam\.m2\repository\org\slf4j\jul-to-slf4j\2.0.17\jul-to-slf4j-2.0.17.jar;C:\Users\Shivam\.m2\repository\jakarta\annotation\jakarta.annotation-api\2.1.1\jakarta.annotation-api-2.1.1.jar;C:\Users\Shivam\.m2\repository\org\yaml\snakeyaml\2.3\snakeyaml-2.3.jar;C:\Users\Shivam\.m2\repository\org\springframework\boot\spring-boot-starter-jdbc\3.4.6\spring-boot-starter-jdbc-3.4.6.jar;C:\Users\Shivam\.m2\repository\com\zaxxer\HikariCP\5.1.0\HikariCP-5.1.0.jar;C:\Users\Shivam\.m2\repository\org\springframework\spring-jdbc\6.2.7\spring-jdbc-6.2.7.jar;C:\Users\Shivam\.m2\repository\org\hibernate\orm\hibernate-core\6.6.15.Final\hibernate-core-6.6.15.Final.jar;C:\Users\Shivam\.m2\repository\jakarta\persistence\jakarta.persistence-api\3.1.0\jakarta.persistence-api-3.1.0.jar;C:\Users\Shivam\.m2\repository\jakarta\transaction\jakarta.transaction-api\2.0.1\jakarta.transaction-api-2.0.1.jar;C:\Users\Shivam\.m2\repository\org\jboss\logging\jboss-logging\3.6.1.Final\jboss-logging-3.6.1.Final.jar;C:\Users\Shivam\.m2\repository\org\hibernate\common\hibernate-commons-annotations\7.0.3.Final\hibernate-commons-annotations-7.0.3.Final.jar;C:\Users\Shivam\.m2\repository\io\smallrye\jandex\3.2.0\jandex-3.2.0.jar;C:\Users\Shivam\.m2\repository\com\fasterxml\classmate\1.7.0\classmate-1.7.0.jar;C:\Users\Shivam\.m2\repository\net\bytebuddy\byte-buddy\1.15.11\byte-buddy-1.15.11.jar;C:\Users\Shivam\.m2\repository\org\glassfish\jaxb\jaxb-runtime\4.0.5\jaxb-runtime-4.0.5.jar;C:\Users\Shivam\.m2\repository\org\glassfish\jaxb\jaxb-core\4.0.5\jaxb-core-4.0.5.jar;C:\Users\Shivam\.m2\repository\org\eclipse\angus\angus-activation\2.0.2\angus-activation-2.0.2.jar;C:\Users\Shivam\.m2\repository\org\glassfish\jaxb\txw2\4.0.5\txw2-4.0.5.jar;C:\Users\Shivam\.m2\repository\com\sun\istack\istack-commons-runtime\4.1.2\istack-commons-runtime-4.1.2.jar;C:\Users\Shivam\.m2\repository\jakarta\inject\jakarta.inject-api\2.0.1\jakarta.inject-api-2.0.1.jar;C:\Users\Shivam\.m2\repository\org\antlr\antlr4-runtime\4.13.0\antlr4-runtime-4.13.0.jar;C:\Users\Shivam\.m2\repository\org\springframework\data\spring-data-jpa\3.4.6\spring-data-jpa-3.4.6.jar;C:\Users\Shivam\.m2\repository\org\springframework\data\spring-data-commons\3.4.6\spring-data-commons-3.4.6.jar;C:\Users\Shivam\.m2\repository\org\springframework\spring-orm\6.2.7\spring-orm-6.2.7.jar;C:\Users\Shivam\.m2\repository\org\springframework\spring-context\6.2.7\spring-context-6.2.7.jar;C:\Users\Shivam\.m2\repository\org\springframework\spring-aop\6.2.7\spring-aop-6.2.7.jar;C:\Users\Shivam\.m2\repository\org\springframework\spring-tx\6.2.7\spring-tx-6.2.7.jar;C:\Users\Shivam\.m2\repository\org\springframework\spring-beans\6.2.7\spring-beans-6.2.7.jar;C:\Users\Shivam\.m2\repository\org\slf4j\slf4j-api\2.0.17\slf4j-api-2.0.17.jar;C:\Users\Shivam\.m2\repository\org\springframework\spring-aspects\6.2.7\spring-aspects-6.2.7.jar;C:\Users\Shivam\.m2\repository\org\aspectj\aspectjweaver\1.9.24\aspectjweaver-1.9.24.jar;C:\Users\Shivam\.m2\repository\org\springframework\boot\spring-boot-starter-data-redis\3.4.6\spring-boot-starter-data-redis-3.4.6.jar;C:\Users\Shivam\.m2\repository\io\lettuce\lettuce-core\6.4.2.RELEASE\lettuce-core-6.4.2.RELEASE.jar;C:\Users\Shivam\.m2\repository\io\netty\netty-common\4.1.121.Final\netty-common-4.1.121.Final.jar;C:\Users\Shivam\.m2\repository\io\netty\netty-handler\4.1.121.Final\netty-handler-4.1.121.Final.jar;C:\Users\Shivam\.m2\repository\io\netty\netty-resolver\4.1.121.Final\netty-resolver-4.1.121.Final.jar;C:\Users\Shivam\.m2\repository\io\netty\netty-buffer\4.1.121.Final\netty-buffer-4.1.121.Final.jar;C:\Users\Shivam\.m2\repository\io\netty\netty-transport-native-unix-common\4.1.121.Final\netty-transport-native-unix-common-4.1.121.Final.jar;C:\Users\Shivam\.m2\repository\io\netty\netty-codec\4.1.121.Final\netty-codec-4.1.121.Final.jar;C:\Users\Shivam\.m2\repository\io\netty\netty-transport\4.1.121.Final\netty-transport-4.1.121.Final.jar;C:\Users\Shivam\.m2\repository\io\projectreactor\reactor-core\3.7.6\reactor-core-3.7.6.jar;C:\Users\Shivam\.m2\repository\org\reactivestreams\reactive-streams\1.0.4\reactive-streams-1.0.4.jar;C:\Users\Shivam\.m2\repository\org\springframework\data\spring-data-redis\3.4.6\spring-data-redis-3.4.6.jar;C:\Users\Shivam\.m2\repository\org\springframework\data\spring-data-keyvalue\3.4.6\spring-data-keyvalue-3.4.6.jar;C:\Users\Shivam\.m2\repository\org\springframework\spring-oxm\6.2.7\spring-oxm-6.2.7.jar;C:\Users\Shivam\.m2\repository\org\springframework\spring-context-support\6.2.7\spring-context-support-6.2.7.jar;C:\Users\Shivam\.m2\repository\org\springframework\boot\spring-boot-starter-web\3.4.6\spring-boot-starter-web-3.4.6.jar;C:\Users\Shivam\.m2\repository\org\springframework\boot\spring-boot-starter-json\3.4.6\spring-boot-starter-json-3.4.6.jar;C:\Users\Shivam\.m2\repository\com\fasterxml\jackson\core\jackson-databind\2.18.4\jackson-databind-2.18.4.jar;C:\Users\Shivam\.m2\repository\com\fasterxml\jackson\core\jackson-annotations\2.18.4\jackson-annotations-2.18.4.jar;C:\Users\Shivam\.m2\repository\com\fasterxml\jackson\core\jackson-core\2.18.4\jackson-core-2.18.4.jar;C:\Users\Shivam\.m2\repository\com\fasterxml\jackson\datatype\jackson-datatype-jdk8\2.18.4\jackson-datatype-jdk8-2.18.4.jar;C:\Users\Shivam\.m2\repository\com\fasterxml\jackson\datatype\jackson-datatype-jsr310\2.18.4\jackson-datatype-jsr310-2.18.4.jar;C:\Users\Shivam\.m2\repository\com\fasterxml\jackson\module\jackson-module-parameter-names\2.18.4\jackson-module-parameter-names-2.18.4.jar;C:\Users\Shivam\.m2\repository\org\springframework\boot\spring-boot-starter-tomcat\3.4.6\spring-boot-starter-tomcat-3.4.6.jar;C:\Users\Shivam\.m2\repository\org\apache\tomcat\embed\tomcat-embed-core\10.1.41\tomcat-embed-core-10.1.41.jar;C:\Users\Shivam\.m2\repository\org\apache\tomcat\embed\tomcat-embed-el\10.1.41\tomcat-embed-el-10.1.41.jar;C:\Users\Shivam\.m2\repository\org\apache\tomcat\embed\tomcat-embed-websocket\10.1.41\tomcat-embed-websocket-10.1.41.jar;C:\Users\Shivam\.m2\repository\org\springframework\spring-web\6.2.7\spring-web-6.2.7.jar;C:\Users\Shivam\.m2\repository\io\micrometer\micrometer-observation\1.14.7\micrometer-observation-1.14.7.jar;C:\Users\Shivam\.m2\repository\io\micrometer\micrometer-commons\1.14.7\micrometer-commons-1.14.7.jar;C:\Users\Shivam\.m2\repository\org\springframework\spring-webmvc\6.2.7\spring-webmvc-6.2.7.jar;C:\Users\Shivam\.m2\repository\org\springframework\spring-expression\6.2.7\spring-expression-6.2.7.jar;C:\Users\Shivam\.m2\repository\org\springframework\boot\spring-boot-devtools\3.4.6\spring-boot-devtools-3.4.6.jar;C:\Users\Shivam\.m2\repository\org\springframework\boot\spring-boot\3.4.6\spring-boot-3.4.6.jar;C:\Users\Shivam\.m2\repository\org\springframework\boot\spring-boot-autoconfigure\3.4.6\spring-boot-autoconfigure-3.4.6.jar;C:\Users\Shivam\.m2\repository\com\mysql\mysql-connector-j\9.1.0\mysql-connector-j-9.1.0.jar;C:\Users\Shivam\.m2\repository\org\projectlombok\lombok\1.18.38\lombok-1.18.38.jar;C:\Users\Shivam\.m2\repository\jakarta\xml\bind\jakarta.xml.bind-api\4.0.2\jakarta.xml.bind-api-4.0.2.jar;C:\Users\Shivam\.m2\repository\jakarta\activation\jakarta.activation-api\2.1.3\jakarta.activation-api-2.1.3.jar;C:\Users\Shivam\.m2\repository\org\springframework\spring-core\6.2.7\spring-core-6.2.7.jar;C:\Users\Shivam\.m2\repository\org\springframework\spring-jcl\6.2.7\spring-jcl-6.2.7.jar
Launcher Type: SUN_STANDARD

[Global flags]
     intx CICompilerCount                          = 4                                         {product} {ergonomic}
     uint ConcGCThreads                            = 2                                         {product} {ergonomic}
     uint G1ConcRefinementThreads                  = 8                                         {product} {ergonomic}
   size_t G1HeapRegionSize                         = 1048576                                   {product} {ergonomic}
    uintx GCDrainStackTargetSize                   = 64                                        {product} {ergonomic}
   size_t InitialHeapSize                          = 134217728                                 {product} {ergonomic}
   size_t MarkStackSize                            = 4194304                                   {product} {ergonomic}
   size_t MaxHeapSize                              = 2118123520                                {product} {ergonomic}
   size_t MaxNewSize                               = 1270874112                                {product} {ergonomic}
   size_t MinHeapDeltaBytes                        = 1048576                                   {product} {ergonomic}
   size_t MinHeapSize                              = 8388608                                   {product} {ergonomic}
    uintx NonNMethodCodeHeapSize                   = 5839372                                {pd product} {ergonomic}
    uintx NonProfiledCodeHeapSize                  = 122909434                              {pd product} {ergonomic}
    uintx ProfiledCodeHeapSize                     = 122909434                              {pd product} {ergonomic}
    uintx ReservedCodeCacheSize                    = 251658240                              {pd product} {ergonomic}
     bool SegmentedCodeCache                       = true                                      {product} {ergonomic}
   size_t SoftMaxHeapSize                          = 2118123520                             {manageable} {ergonomic}
     bool UseCompressedClassPointers               = true                           {product lp64_product} {ergonomic}
     bool UseCompressedOops                        = true                           {product lp64_product} {ergonomic}
     bool UseG1GC                                  = true                                      {product} {ergonomic}
     bool UseLargePagesIndividualAllocation        = false                                  {pd product} {ergonomic}

Logging:
Log output configuration:
 #0: stdout all=warning uptime,level,tags foldmultilines=false
 #1: stderr all=off uptime,level,tags foldmultilines=false

Environment Variables:
PATH=C:\WINDOWS\system32;C:\WINDOWS;C:\WINDOWS\System32\Wbem;C:\WINDOWS\System32\WindowsPowerShell\v1.0\;C:\WINDOWS\System32\OpenSSH\;C:\msys64\mingw64\bin;C:\Program Files\MySQL\MySQL Server 8.0\bin;C:\Program Files\MySQL\MySQL Shell 8.0\bin\;C:\Users\Shivam\AppData\Local\Microsoft\WindowsApps;C:\Program Files (x86)\GitHub CLI\;C:\Program Files\heroku\bin;C:\Program Files\JetBrains\IntelliJ IDEA Community Edition 2024.3.2.1\bin;;C:\msys64\mingw64\bin;C:\Program Files\JetBrains\IntelliJ IDEA 2024.3.4\bin;
USERNAME=Shivam
OS=Windows_NT
PROCESSOR_IDENTIFIER=Intel64 Family 6 Model 142 Stepping 12, GenuineIntel
TMP=C:\Users\Shivam\AppData\Local\Temp
TEMP=C:\Users\Shivam\AppData\Local\Temp



---------------  S Y S T E M  ---------------

OS:
 Windows 11 , 64 bit Build 22000 (10.0.22000.2538)
OS uptime: 2 days 22:32 hours
Hyper-V role detected

CPU: total 8 (initial active 8) (4 cores per cpu, 2 threads per core) family 6 model 142 stepping 12 microcode 0xea, cx8, cmov, fxsr, ht, mmx, 3dnowpref, sse, sse2, sse3, ssse3, sse4.1, sse4.2, popcnt, lzcnt, tsc, tscinvbit, avx, avx2, aes, erms, clmul, bmi1, bmi2, adx, fma, vzeroupper, clflush, clflushopt, hv, rdtscp

Memory: 4k page, system-wide physical 8079M (1099M free)
TotalPageFile size 12175M (AvailPageFile size 190M)
current process WorkingSet (physical memory assigned to process): 135M, peak: 295M
current process commit charge ("private bytes"): 278M, peak: 333M

vm_info: OpenJDK 64-Bit Server VM (19+36-2238) for windows-amd64 JRE (19+36-2238), built on 2022-08-12T20:29:01Z by "mach5one" with MS VC++ 17.1 (VS2022)

END.
